<?xml version="1.0" encoding="UTF-8"?>
<testng-results ignored="0" total="1" passed="1" failed="0" skipped="0">
  <reporter-output>
  </reporter-output>
  <suite started-at="2026-06-02T17:40:26 IST" name="Default suite" finished-at="2026-06-02T17:40:30 IST" duration-ms="3999">
    <groups>
    </groups>
    <test started-at="2026-06-02T17:40:26 IST" name="Default test" finished-at="2026-06-02T17:40:30 IST" duration-ms="3999">
      <class name="selenium.GitHub">
        <test-method is-config="true" signature="beforeTest()[pri:0, instance:selenium.GitHub@4afcd809]" started-at="2026-06-02T17:40:26 IST" name="beforeTest" finished-at="2026-06-02T17:40:29 IST" duration-ms="3056" status="PASS">
          <reporter-output>
          </reporter-output>
        </test-method> <!-- beforeTest -->
        <test-method signature="google()[pri:0, instance:selenium.GitHub@4afcd809]" started-at="2026-06-02T17:40:29 IST" name="google" finished-at="2026-06-02T17:40:30 IST" duration-ms="922" status="PASS">
          <reporter-output>
          </reporter-output>
        </test-method> <!-- google -->
      </class> <!-- selenium.GitHub -->
    </test> <!-- Default test -->
  </suite> <!-- Default suite -->
</testng-results>
